# JRE version: Java(TM) SE Runtime Environment (8.0_181-b13) (build 1.8.0_181-b13)
# Java VM: Java HotSpot(TM) 64-Bit Server VM (25.181-b13 mixed mode linux-amd64 compressed oops)
Heap:
 PSYoungGen      total 382976K, used 18928K [0x000000076ca00000, 0x0000000789500000, 0x00000007c0000000)
  eden space 364032K, 0% used [0x000000076ca00000,0x000000076ca00000,0x0000000782d80000)
  from space 18944K, 99% used [0x0000000782d80000,0x0000000783ffc150,0x0000000784000000)
  to   space 19968K, 0% used [0x0000000784000000,0x0000000784000000,0x0000000785380000)
 ParOldGen       total 133632K, used 22337K [0x00000006c5e00000, 0x00000006ce080000, 0x000000076ca00000)
  object space 133632K, 16% used [0x00000006c5e00000,0x00000006c73d0580,0x00000006ce080000)
 Metaspace       used 52917K, capacity 54480K, committed 54824K, reserved 1097728K
  class space    used 6875K, capacity 7184K, committed 7216K, reserved 1048576K
GC Heap History (10 events):
Event: 1.426 GC heap after
Heap after GC invocations=4 (full 1):
 PSYoungGen      total 139776K, used 0K [0x000000076ca00000, 0x000000077db00000, 0x00000007c0000000)
  eden space 129024K, 0% used [0x000000076ca00000,0x000000076ca00000,0x0000000774800000)
  from space 10752K, 0% used [0x0000000774800000,0x0000000774800000,0x0000000775280000)
  to   space 10752K, 0% used [0x000000077d080000,0x000000077d080000,0x000000077db00000)
 ParOldGen       total 92160K, used 8123K [0x00000006c5e00000, 0x00000006cb800000, 0x000000076ca00000)
  object space 92160K, 8% used [0x00000006c5e00000,0x00000006c65eecc0,0x00000006cb800000)
 Metaspace       used 20567K, capacity 21214K, committed 21296K, reserved 1067008K
  class space    used 2682K, capacity 2845K, committed 2864K, reserved 1048576K
}
Event: 2.376 GC heap before
{Heap before GC invocations=5 (full 1):
 PSYoungGen      total 139776K, used 129024K [0x000000076ca00000, 0x000000077db00000, 0x00000007c0000000)
  eden space 129024K, 100% used [0x000000076ca00000,0x0000000774800000,0x0000000774800000)
  from space 10752K, 0% used [0x0000000774800000,0x0000000774800000,0x0000000775280000)
  to   space 10752K, 0% used [0x000000077d080000,0x000000077d080000,0x000000077db00000)
 ParOldGen       total 92160K, used 8123K [0x00000006c5e00000, 0x00000006cb800000, 0x000000076ca00000)
  object space 92160K, 8% used [0x00000006c5e00000,0x00000006c65eecc0,0x00000006cb800000)
 Metaspace       used 26870K, capacity 27798K, committed 28080K, reserved 1073152K
  class space    used 3480K, capacity 3691K, committed 3760K, reserved 1048576K
Event: 2.414 GC heap after
Heap after GC invocations=5 (full 1):
 PSYoungGen      total 228352K, used 10741K [0x000000076ca00000, 0x000000077db00000, 0x00000007c0000000)
  eden space 217600K, 0% used [0x000000076ca00000,0x000000076ca00000,0x0000000779e80000)
  from space 10752K, 99% used [0x000000077d080000,0x000000077dafd6f0,0x000000077db00000)
  to   space 10752K, 0% used [0x000000077c600000,0x000000077c600000,0x000000077d080000)
 ParOldGen       total 92160K, used 10978K [0x00000006c5e00000, 0x00000006cb800000, 0x000000076ca00000)
  object space 92160K, 11% used [0x00000006c5e00000,0x00000006c68b8aa8,0x00000006cb800000)
 Metaspace       used 26870K, capacity 27798K, committed 28080K, reserved 1073152K
  class space    used 3480K, capacity 3691K, committed 3760K, reserved 1048576K
}
Event: 3.874 GC heap before
{Heap before GC invocations=6 (full 1):
 PSYoungGen      total 228352K, used 228341K [0x000000076ca00000, 0x000000077db00000, 0x00000007c0000000)
  eden space 217600K, 100% used [0x000000076ca00000,0x0000000779e80000,0x0000000779e80000)
  from space 10752K, 99% used [0x000000077d080000,0x000000077dafd6f0,0x000000077db00000)
  to   space 10752K, 0% used [0x000000077c600000,0x000000077c600000,0x000000077d080000)
 ParOldGen       total 92160K, used 10978K [0x00000006c5e00000, 0x00000006cb800000, 0x000000076ca00000)
  object space 92160K, 11% used [0x00000006c5e00000,0x00000006c68b8aa8,0x00000006cb800000)
 Metaspace       used 33270K, capacity 34650K, committed 34992K, reserved 1079296K
  class space    used 4418K, capacity 4685K, committed 4784K, reserved 1048576K
Event: 3.935 GC heap after
Heap after GC invocations=6 (full 1):
 PSYoungGen      total 268800K, used 10741K [0x000000076ca00000, 0x0000000785380000, 0x00000007c0000000)
  eden space 258048K, 0% used [0x000000076ca00000,0x000000076ca00000,0x000000077c600000)
  from space 10752K, 99% used [0x000000077c600000,0x000000077d07d708,0x000000077d080000)
  to   space 19968K, 0% used [0x0000000784000000,0x0000000784000000,0x0000000785380000)
 ParOldGen       total 92160K, used 19109K [0x00000006c5e00000, 0x00000006cb800000, 0x000000076ca00000)
  object space 92160K, 20% used [0x00000006c5e00000,0x00000006c70a94f0,0x00000006cb800000)
 Metaspace       used 33270K, capacity 34650K, committed 34992K, reserved 1079296K
  class space    used 4418K, capacity 4685K, committed 4784K, reserved 1048576K
}
Event: 4.071 GC heap before
{Heap before GC invocations=7 (full 1):
 PSYoungGen      total 268800K, used 31252K [0x000000076ca00000, 0x0000000785380000, 0x00000007c0000000)
  eden space 258048K, 7% used [0x000000076ca00000,0x000000076de07c90,0x000000077c600000)
  from space 10752K, 99% used [0x000000077c600000,0x000000077d07d708,0x000000077d080000)
  to   space 19968K, 0% used [0x0000000784000000,0x0000000784000000,0x0000000785380000)
 ParOldGen       total 92160K, used 19109K [0x00000006c5e00000, 0x00000006cb800000, 0x000000076ca00000)
  object space 92160K, 20% used [0x00000006c5e00000,0x00000006c70a94f0,0x00000006cb800000)
 Metaspace       used 34156K, capacity 35456K, committed 35496K, reserved 1079296K
  class space    used 4511K, capacity 4782K, committed 4784K, reserved 1048576K
Event: 4.080 GC heap after
Heap after GC invocations=7 (full 1):
 PSYoungGen      total 384000K, used 11590K [0x000000076ca00000, 0x0000000789500000, 0x00000007c0000000)
  eden space 364032K, 0% used [0x000000076ca00000,0x000000076ca00000,0x0000000782d80000)
  from space 19968K, 58% used [0x0000000784000000,0x0000000784b51b18,0x0000000785380000)
  to   space 18944K, 0% used [0x0000000782d80000,0x0000000782d80000,0x0000000784000000)
 ParOldGen       total 92160K, used 19117K [0x00000006c5e00000, 0x00000006cb800000, 0x000000076ca00000)
  object space 92160K, 20% used [0x00000006c5e00000,0x00000006c70ab4f0,0x00000006cb800000)
 Metaspace       used 34156K, capacity 35456K, committed 35496K, reserved 1079296K
  class space    used 4511K, capacity 4782K, committed 4784K, reserved 1048576K
}
Event: 4.080 GC heap before
{Heap before GC invocations=8 (full 2):
 PSYoungGen      total 384000K, used 11590K [0x000000076ca00000, 0x0000000789500000, 0x00000007c0000000)
  eden space 364032K, 0% used [0x000000076ca00000,0x000000076ca00000,0x0000000782d80000)
  from space 19968K, 58% used [0x0000000784000000,0x0000000784b51b18,0x0000000785380000)
  to   space 18944K, 0% used [0x0000000782d80000,0x0000000782d80000,0x0000000784000000)
 ParOldGen       total 92160K, used 19117K [0x00000006c5e00000, 0x00000006cb800000, 0x000000076ca00000)
  object space 92160K, 20% used [0x00000006c5e00000,0x00000006c70ab4f0,0x00000006cb800000)
 Metaspace       used 34156K, capacity 35456K, committed 35496K, reserved 1079296K
  class space    used 4511K, capacity 4782K, committed 4784K, reserved 1048576K
Event: 4.135 GC heap after
Heap after GC invocations=8 (full 2):
 PSYoungGen      total 384000K, used 0K [0x000000076ca00000, 0x0000000789500000, 0x00000007c0000000)
  eden space 364032K, 0% used [0x000000076ca00000,0x000000076ca00000,0x0000000782d80000)
  from space 19968K, 0% used [0x0000000784000000,0x0000000784000000,0x0000000785380000)
  to   space 18944K, 0% used [0x0000000782d80000,0x0000000782d80000,0x0000000784000000)
 ParOldGen       total 133632K, used 17363K [0x00000006c5e00000, 0x00000006ce080000, 0x000000076ca00000)
  object space 133632K, 12% used [0x00000006c5e00000,0x00000006c6ef4d98,0x00000006ce080000)
 Metaspace       used 34156K, capacity 35456K, committed 35496K, reserved 1079296K
  class space    used 4511K, capacity 4782K, committed 4784K, reserved 1048576K
}
Event: 8.824 GC heap before
{Heap before GC invocations=9 (full 2):
 PSYoungGen      total 384000K, used 364032K [0x000000076ca00000, 0x0000000789500000, 0x00000007c0000000)
  eden space 364032K, 100% used [0x000000076ca00000,0x0000000782d80000,0x0000000782d80000)
  from space 19968K, 0% used [0x0000000784000000,0x0000000784000000,0x0000000785380000)
  to   space 18944K, 0% used [0x0000000782d80000,0x0000000782d80000,0x0000000784000000)
 ParOldGen       total 133632K, used 17363K [0x00000006c5e00000, 0x00000006ce080000, 0x000000076ca00000)
  object space 133632K, 12% used [0x00000006c5e00000,0x00000006c6ef4d98,0x00000006ce080000)
 Metaspace       used 52917K, capacity 54480K, committed 54824K, reserved 1097728K
  class space    used 6875K, capacity 7184K, committed 7216K, reserved 1048576K

